0
0
0
0
0
0
0
0
0
0
0
0
0
0
0
0
0
0
0
0
0
0
0
0
0
0
0
0
0
0
0
0
0
0
0
0
0
0
0
0
0
0
0
0
0
0
0
0
0
0
0
0
0
0
0
0
0
0
0
0
0
0
0
0
3
3
3
8
8
8
12
12
12
17
17
17
21
21
21
25
25
25
28
28
28
33
33
33
35
35
35
34
33
32
31
30
29
28
27
26
25
24
23
22
21
20
19
18
17
16
15
14
13
12
12
11
10
9
8
7
7
6
5
4
3
2
1
4
3
2
5
4
3
6
5
4
7
6
6
10
9
8
12
11
10
13
12
11
14
13
12
16
15
14
18
17
16
18
17
16
20
19
18
20
19
18
21
20
19
22
21
20
23
22
21
25
25
24
27
26
25
29
28
27
30
30
29
33
32
31
32
31
30
29
28
28
27
26
25
24
23
22
21
20
19
18
17
16
15
14
13
12
11
10
9
8
7
6
5
4
3
2
1
4
3
2
5
4
3
7
6
5
9
8
7
9
8
7
10
9
8
12
11
11
14
13
12
16
15
14
17
16
15
19
18
17
20
19
18
21
20
19
21
20
19
23
22
21
24
23
22
26
25
24
27
26
25
29
28
27
30
30
29
34
33
32
33
32
31
30
29
28
27
26
25
24
23
22
21
20
19
18
17
16
15
14
13
12
11
10
9
8
7
6
5
4
3
2
1
4
3
2
5
4
3
7
6
5
8
7
6
8
7
6
10
9
8
12
11
11
14
13
12
16
15
14
16
15
14
19
18
17
20
19
18
22
21
20
23
22
21
25
24
23
26
25
24
28
27
26
29
28
27
31
30
29
30
29
28
27
26
25
24
23
22
21
20
19
18
17
16
15
14
13
12
11
10
9
8
7
6
5
4
3
2
1
3
2
1
5
4
3
4
3
2
6
6
5
10
9
8
10
9
8
11
10
9
12
11
10
14
13
12
16
15
14
17
16
15
19
18
18
21
20
19
23
22
21
24
23
22
26
25
24
27
26
25
29
28
27
30
29
28
32
31
30
31
30
29
28
27
26
25
24
23
22
21
20
19
18
17
16
15
14
13
12
11
10
9
8
7
6
5
4
3
2
3
2
1
5
4
3
5
4
3
6
5
4
9
8
7
10
9
9
12
11
10
14
13
12
15
14
13
17
16
15
18
17
16
20
19
18
21
20
19
23
22
21
24
23
22
26
25
24
27
26
25
29
28
27
30
29
28
32
31
30
31
30
29
28
27
26
25
24
23
22
21
20
19
18
17
16
15
14
13
12
11
10
9
8
7
6
5
4
3
2
3
2
1
5
4
3
7
6
5
7
6
5
8
7
6
