0
0
0
0
0
0
0
0
0
0
0
0
0
0
0
0
0
0
0
0
0
0
0
0
0
0
0
0
0
0
0
0
0
0
0
0
0
0
0
0
0
0
0
0
0
0
0
0
0
0
0
0
0
0
0
0
0
0
0
0
0
0
0
0
3
3
3
8
8
8
12
12
12
16
16
16
21
21
21
24
24
24
29
29
29
33
33
33
36
36
36
35
34
33
32
31
30
29
28
27
26
25
24
23
22
21
20
19
18
17
16
15
14
13
13
12
11
10
9
8
7
6
5
4
3
2
1
4
3
2
2
1
1
4
3
2
7
6
5
6
5
4
10
9
9
13
12
11
14
13
12
15
14
13
16
15
14
18
17
16
19
18
17
20
19
18
20
19
18
24
23
22
25
24
23
25
24
23
27
26
25
29
28
27
30
29
28
32
31
30
32
31
30
29
28
27
26
25
24
24
23
22
21
20
19
18
17
16
15
14
13
12
11
10
9
8
7
6
5
4
3
2
1
2
1
0
4
3
2
6
5
4
8
7
6
9
8
7
11
10
9
13
12
11
13
12
11
15
14
13
17
16
15
17
16
15
18
17
16
19
18
17
21
20
19
23
22
21
24
23
23
26
26
25
29
28
27
30
29
28
31
30
29
31
30
29
28
27
26
25
24
23
22
21
20
19
18
17
16
15
14
13
12
11
10
9
8
7
7
6
5
4
3
3
2
1
4
3
2
5
4
3
6
5
4
8
7
6
9
8
7
10
9
8
11
10
9
12
11
11
14
13
12
16
15
14
17
16
15
18
17
17
21
20
19
21
20
19
24
23
22
25
24
23
26
26
25
29
28
27
30
29
28
31
30
29
29
28
27
26
25
24
23
22
21
21
20
19
18
17
16
15
14
13
12
11
10
9
8
7
6
5
4
3
2
1
4
3
3
6
5
4
5
4
3
7
6
6
11
10
9
12
11
10
13
12
11
16
15
14
17
16
15
16
15
14
18
17
16
19
18
17
20
19
18
22
21
20
23
23
22
24
23
22
24
23
22
27
26
25
28
27
26
30
29
29
31
30
29
31
30
30
29
28
27
26
25
24
24
24
23
22
21
20
19
18
17
16
15
14
13
12
11
10
9
8
7
6
5
4
4
3
4
3
2
4
3
2
6
6
5
7
6
5
7
6
5
9
8
8
12
11
10
14
13
12
15
14
13
17
16
15
18
17
16
19
18
17
20
19
18
22
21
21
23
22
21
25
24
23
26
25
25
28
27
26
29
28
27
30
29
28
31
30
29
31
30
30
29
28
27
26
25
24
23
22
21
20
19
18
17
16
15
15
14
13
12
11
10
9
8
7
6
5
5
4
3
2
3
2
1
