0
0
0
0
0
0
0
0
0
0
0
0
0
0
0
0
0
0
0
0
0
0
0
0
0
0
0
0
0
0
0
0
0
0
0
0
0
0
0
0
0
0
0
0
0
0
0
0
0
0
0
0
0
0
0
0
0
0
0
0
0
0
0
0
2
2
2
7
7
7
10
10
10
14
14
14
18
18
18
20
20
20
22
22
22
25
25
25
28
28
28
28
27
26
28
27
26
29
28
27
28
27
26
27
26
25
26
25
24
24
23
22
24
23
22
22
21
20
22
21
21
23
22
21
22
21
20
20
19
18
18
17
17
18
18
18
20
19
19
21
21
21
22
21
21
24
24
24
26
25
25
24
23
23
25
24
23
23
22
21
21
20
20
22
22
21
22
22
22
23
23
23
24
24
24
25
24
24
25
25
25
29
29
28
29
28
28
28
28
28
31
30
29
31
30
30
32
32
31
33
32
31
30
30
30
30
30
30
30
30
30
29
28
28
27
27
27
27
26
26
26
26
26
26
26
25
25
25
24
24
24
24
24
24
23
22
22
21
20
20
20
19
18
18
17
17
16
16
15
14
13
12
12
11
11
11
11
11
11
11
11
11
11
11
10
10
10
10
9
8
7
7
7
6
5
4
3
3
3
3
6
5
4
8
8
8
10
9
8
10
9
8
11
10
9
11
10
9
11
10
9
12
11
10
13
12
11
12
11
10
12
11
10
13
12
11
13
12
11
12
12
11
12
11
10
12
11
10
9
8
7
7
7
7
8
7
7
8
8
7
8
8
7
8
7
7
9
9
9
11
11
11
12
11
10
12
11
11
13
12
12
13
13
13
15
15
14
14
14
13
16
16
16
18
17
16
16
15
15
16
16
16
19
18
17
20
20
20
20
19
18
21
21
21
24
24
23
24
24
24
25
24
24
26
26
26
28
27
27
28
28
27
27
27
26
26
26
26
28
28
28
28
28
28
28
27
26
26
25
24
25
24
24
25
25
25
27
27
26
27
27
26
27
26
26
29
28
27
27
26
26
26
25
25
28
28
27
29
29
28
29
29
29
32
32
32
35
35
34
35
35
35
34
34
34
35
35
35
37
37
37
36
35
34
34
34
34
34
33
33
33
33
33
32
32
32
31
31
31
30
30
29
29
29
29
29
29
29
28
28
28
28
27
26
26
26
25
24
23
22
21
21
21
21
21
21
21
20
20
20
20
20
20
20
20
20
19
18
18
17
16
16
15
14
14
14
14
13
12
11
11
10
9
8
7
6
5
4
4
4
4
4
7
7
6
8
7
6
9
9
8
11
10
9
12
11
10
13
12
12
15
14
13
16
15
14
17
16
15
16
15
14
15
14
13
15
14
13
13
12
11
