0
0
0
0
0
0
0
0
0
0
0
0
0
0
0
0
0
0
0
0
0
0
0
0
0
0
0
0
0
0
0
0
0
0
0
0
0
0
0
0
0
0
0
0
0
0
0
0
0
0
0
0
0
0
0
0
0
0
0
0
0
0
0
0
4
4
4
8
8
8
13
13
13
17
17
17
22
22
22
26
26
26
31
31
31
33
33
33
33
33
33
32
31
30
29
28
27
26
25
24
23
22
21
20
19
18
17
16
15
14
13
12
11
10
9
8
7
6
5
4
3
3
2
1
5
4
3
6
5
4
8
7
6
9
8
7
11
10
9
12
11
10
14
13
12
15
14
13
17
16
15
18
17
16
20
19
18
21
20
19
23
22
21
24
23
22
26
25
24
27
26
25
29
28
27
30
29
28
32
31
30
31
30
29
28
27
26
25
24
23
22
21
20
19
18
17
16
15
14
13
12
11
10
9
8
7
6
5
4
3
2
3
2
1
5
4
3
6
5
4
8
7
6
9
8
7
11
10
9
12
11
10
14
13
12
15
14
13
17
16
15
18
17
16
20
19
18
21
20
19
23
22
21
24
23
22
26
25
24
27
26
25
29
28
27
30
29
28
32
31
30
31
30
29
28
27
26
25
24
23
22
21
20
19
18
17
16
15
14
13
12
11
10
9
8
7
6
5
4
3
2
3
2
1
5
4
3
6
5
4
8
7
6
9
8
7
11
10
9
12
11
10
14
13
12
15
14
13
17
16
15
18
17
16
19
18
17
21
20
19
23
22
21
24
23
22
26
25
24
27
26
25
29
28
27
30
29
28
32
31
30
31
30
29
28
27
26
25
24
23
22
21
20
19
18
17
16
15
14
13
12
11
10
9
8
7
6
5
4
3
2
3
2
1
5
4
3
6
5
4
8
7
6
9
8
7
11
10
9
12
11
10
14
13
12
15
14
13
17
16
15
18
17
16
20
19
18
20
19
18
22
21
20
23
22
21
25
24
23
26
25
24
28
27
26
29
29
28
32
31
30
31
30
29
28
27
26
25
24
23
22
21
20
19
18
17
16
15
14
13
12
11
10
9
8
7
6
5
4
3
2
3
2
1
5
4
3
6
5
4
7
6
5
9
8
7
11
10
9
12
11
10
14
13
12
15
14
13
17
16
15
18
17
16
20
19
18
21
20
19
23
22
21
24
23
22
26
25
24
27
26
25
29
28
27
30
29
28
32
31
30
31
30
29
28
27
26
25
24
23
22
21
20
19
18
17
16
15
14
13
12
11
10
9
8
7
6
5
4
3
2
3
2
1
5
4
3
6
5
4
8
7
6
9
8
7
11
10
9
12
11
10
14
13
12
15
14
13
16
15
14
