Packet Loss:757
Packet Retrans:757
Packet Loss:758
Packet Retrans:758
Packet Loss:759
Packet Retrans:759
Packet Loss:760
Packet Retrans:760
Packet Loss:761
Packet Retrans:761
Packet Loss:762
Packet Retrans:762
Packet Loss:764
Packet Retrans:764
Packet Loss:765
Packet Retrans:765
Packet Loss:766
Packet Retrans:766
Packet Loss:767
Packet Retrans:767
Packet Loss:768
Packet Retrans:768
Packet Loss:770
Packet Retrans:770
Packet Loss:771
Packet Retrans:771
Packet Loss:774
Packet Retrans:774
Packet Loss:777
Packet Retrans:777
Packet Loss:779
Packet Retrans:779
Packet Loss:780
Packet Retrans:780
Packet Loss:781
Packet Retrans:781
Packet Loss:783
Packet Retrans:783
Packet Loss:790
Packet Retrans:790
Packet Loss:794
Packet Retrans:794
Packet Loss:796
Packet Retrans:796
Packet Loss:798
Packet Retrans:798
Packet Loss:800
Packet Retrans:800
Packet Loss:801
Packet Retrans:801
Packet Loss:802
Packet Retrans:802
Packet Loss:803
Packet Retrans:803
Packet Loss:804
Packet Retrans:804
Packet Loss:805
Packet Retrans:805
Packet Loss:806
Packet Retrans:806
Packet Loss:807
Packet Retrans:807
Packet Loss:808
Packet Retrans:808
Packet Loss:809
Packet Retrans:809
Packet Loss:810
Packet Retrans:810
Packet Loss:811
Packet Retrans:811
Packet Loss:813
Packet Retrans:813
Packet Loss:814
Packet Retrans:814
Packet Loss:816
Packet Retrans:816
Packet Loss:817
Packet Retrans:817
Packet Loss:818
Packet Retrans:818
Packet Loss:819
Packet Retrans:819
Packet Loss:820
Packet Retrans:820
Packet Loss:822
Packet Retrans:822
Packet Loss:823
Packet Retrans:823
Packet Loss:826
Packet Retrans:826
Packet Loss:827
Packet Retrans:827
Packet Loss:829
Packet Retrans:829
Packet Loss:831
Packet Retrans:831
Packet Loss:832
Packet Retrans:832
Packet Loss:833
Packet Retrans:833
Packet Loss:835
Packet Retrans:835
Packet Loss:836
Packet Retrans:836
Packet Loss:839
Packet Retrans:839
Packet Loss:842
Packet Retrans:842
Packet Loss:844
Packet Retrans:844
Packet Loss:845
Packet Retrans:845
Packet Loss:848
Packet Retrans:848
Packet Loss:855
Packet Retrans:855
Packet Loss:856
Packet Retrans:856
Packet Loss:857
Packet Retrans:857
Packet Loss:858
Packet Retrans:858
Packet Loss:859
Packet Retrans:859
Packet Loss:860
Packet Retrans:860
Packet Loss:862
Packet Retrans:862
Packet Loss:863
Packet Retrans:863
Packet Loss:865
Packet Retrans:865
Packet Loss:866
Packet Retrans:866
Packet Loss:868
Packet Retrans:868
Packet Loss:869
Packet Retrans:869
Packet Loss:870
Packet Retrans:870
Packet Loss:871
Packet Retrans:871
Packet Loss:872
Packet Retrans:872
Packet Loss:873
Packet Retrans:873
Packet Loss:875
Packet Retrans:875
Packet Loss:876
Packet Retrans:876
Packet Loss:878
Packet Retrans:878
Packet Loss:879
Packet Retrans:879
Packet Loss:881
Packet Retrans:881
Packet Loss:882
Packet Retrans:882
Packet Loss:883
Packet Retrans:883
Packet Loss:885
Packet Retrans:885
Packet Loss:888
Packet Retrans:888
Packet Loss:891
Packet Retrans:891
Packet Loss:892
Packet Retrans:892
Packet Loss:894
Packet Retrans:894
Packet Loss:896
Packet Retrans:896
Packet Loss:904
Packet Retrans:904
Packet Loss:905
Packet Retrans:905
Packet Loss:907
Packet Retrans:907
Packet Loss:909
Packet Retrans:909
Packet Loss:911
Packet Retrans:911
Packet Loss:912
Packet Retrans:912
Packet Loss:913
Packet Retrans:913
Packet Loss:914
Packet Retrans:914
Packet Loss:915
Packet Retrans:915
Packet Loss:916
Packet Retrans:916
Packet Loss:917
Packet Retrans:917
Packet Loss:918
Packet Retrans:918
Packet Loss:919
Packet Retrans:919
Packet Loss:920
Packet Retrans:920
Packet Loss:921
Packet Retrans:921
Packet Loss:922
Packet Retrans:922
Packet Loss:924
Packet Retrans:924
Packet Loss:925
Packet Retrans:925
Packet Loss:927
Packet Retrans:927
Packet Loss:928
Packet Retrans:928
Packet Loss:929
Packet Retrans:929
Packet Loss:930
Packet Retrans:930
Packet Loss:931
Packet Retrans:931
Packet Loss:933
Packet Retrans:933
Packet Loss:934
Packet Retrans:934
Packet Loss:937
Packet Retrans:937
Packet Loss:940
Packet Retrans:940
Packet Loss:941
Packet Retrans:941
Packet Loss:942
Packet Retrans:942
Packet Loss:943
Packet Retrans:943
Packet Loss:944
Packet Retrans:944
Packet Loss:946
Packet Retrans:946
Packet Loss:947
Packet Retrans:947
Packet Loss:950
Packet Retrans:950
Packet Loss:953
Packet Retrans:953
Packet Loss:956
Packet Retrans:956
Packet Loss:957
Packet Retrans:957
Packet Loss:959
Packet Retrans:959
Packet Loss:966
Packet Retrans:966
Packet Loss:967
Packet Retrans:967
Packet Loss:968
Packet Retrans:968
Packet Loss:969
Packet Retrans:969
Packet Loss:970
Packet Retrans:970
Packet Loss:971
Packet Retrans:971
Packet Loss:973
Packet Retrans:973
Packet Loss:974
Packet Retrans:974
Packet Loss:976
Packet Retrans:976
Packet Loss:977
Packet Retrans:977
Packet Loss:978
Packet Retrans:978
Packet Loss:979
Packet Retrans:979
Packet Loss:980
Packet Retrans:980
Packet Loss:981
Packet Retrans:981
Packet Loss:982
Packet Retrans:982
Packet Loss:983
Packet Retrans:983
Packet Loss:984
Packet Retrans:984
Packet Loss:986
Packet Retrans:986
Packet Loss:987
Packet Retrans:987
Packet Loss:989
Packet Retrans:989
Packet Loss:990
Packet Retrans:990
Packet Loss:992
Packet Retrans:992
Packet Loss:993
Packet Retrans:993
Packet Loss:994
Packet Retrans:994
Packet Loss:996
Packet Retrans:996
Packet Loss:998
Packet Retrans:998
Packet Loss:999
Packet Retrans:999
Packet Loss:1002
Packet Retrans:1002
Packet Loss:1005
Packet Retrans:1005
Packet Loss:1007
Packet Retrans:1007
Packet Loss:1011
Packet Retrans:1011
Packet Loss:1015
Packet Retrans:1015
Packet Loss:1018
Packet Retrans:1018
Packet Loss:1020
Packet Retrans:1020
Packet Loss:1022
Packet Retrans:1022
Packet Loss:1023
Packet Retrans:1023
Packet Loss:1024
Packet Retrans:1024
Packet Loss:1025
Packet Retrans:1025
Packet Loss:1026
Packet Retrans:1026
Packet Loss:1027
Packet Retrans:1027
Packet Loss:1028
Packet Retrans:1028
Packet Loss:1029
Packet Retrans:1029
Packet Loss:1030
Packet Retrans:1030
Packet Loss:1031
Packet Retrans:1031
Packet Loss:1032
Packet Retrans:1032
Packet Loss:1033
Packet Retrans:1033
Packet Loss:1035
Packet Retrans:1035
Packet Loss:1036
Packet Retrans:1036
Packet Loss:1038
Packet Retrans:1038
Packet Loss:1039
Packet Retrans:1039
Packet Loss:1041
Packet Retrans:1041
Packet Loss:1042
Packet Retrans:1042
Packet Loss:1044
Packet Retrans:1044
Packet Loss:1045
Packet Retrans:1045
Packet Loss:1046
Packet Retrans:1046
Packet Loss:1048
Packet Retrans:1048
Packet Loss:1049
Packet Retrans:1049
Packet Loss:1051
Packet Retrans:1051
Packet Loss:1052
Packet Retrans:1052
Packet Loss:1054
Packet Retrans:1054
Packet Loss:1055
Packet Retrans:1055
Packet Loss:1057
Packet Retrans:1057
Packet Loss:1058
Packet Retrans:1058
Packet Loss:1059
Packet Retrans:1059
Packet Loss:1061
Packet Retrans:1061
Packet Loss:1064
Packet Retrans:1064
Packet Loss:1067
Packet Retrans:1067
Packet Loss:1068
Packet Retrans:1068
Packet Loss:1072
Packet Retrans:1072
Packet Loss:1078
Packet Retrans:1078
Packet Loss:1079
Packet Retrans:1079
Packet Loss:1080
Packet Retrans:1080
Packet Loss:1081
Packet Retrans:1081
Packet Loss:1082
Packet Retrans:1082
Packet Loss:1083
Packet Retrans:1083
Packet Loss:1084
Packet Retrans:1084
Packet Loss:1085
Packet Retrans:1085
Packet Loss:1086
Packet Retrans:1086
Packet Loss:1087
Packet Retrans:1087
Packet Loss:1088
Packet Retrans:1088
Packet Loss:1089
Packet Retrans:1089
Packet Loss:1090
Packet Retrans:1090
Packet Loss:1091
Packet Retrans:1091
Packet Loss:1092
Packet Retrans:1092
Packet Loss:1093
Packet Retrans:1093
Packet Loss:1094
Packet Retrans:1094
Packet Loss:1095
Packet Retrans:1095
Packet Loss:1096
Packet Retrans:1096
Packet Loss:1097
Packet Retrans:1097
Packet Loss:1098
Packet Retrans:1098
Packet Loss:1100
Packet Retrans:1100
Packet Loss:1101
Packet Retrans:1101
Packet Loss:1103
Packet Retrans:1103
Packet Loss:1104
Packet Retrans:1104
Packet Loss:1105
Packet Retrans:1105
Packet Loss:1107
Packet Retrans:1107
Packet Loss:1109
Packet Retrans:1109
Packet Loss:1110
Packet Retrans:1110
Packet Loss:1113
Packet Retrans:1113
Packet Loss:1116
Packet Retrans:1116
Packet Loss:1120
Packet Retrans:1120
Packet Loss:1122
Packet Retrans:1122
Packet Loss:1123
Packet Retrans:1123
Packet Loss:1126
Packet Retrans:1126
Packet Loss:1129
Packet Retrans:1129
Packet Loss:1133
Packet Retrans:1133
Packet Loss:1135
Packet Retrans:1135
Packet Loss:1136
Packet Retrans:1136
Packet Loss:1137
Packet Retrans:1137
Packet Loss:1138
Packet Retrans:1138
Packet Loss:1139
Packet Retrans:1139
Packet Loss:1140
Packet Retrans:1140
Packet Loss:1141
Packet Retrans:1141
Packet Loss:1142
Packet Retrans:1142
Packet Loss:1143
Packet Retrans:1143
Packet Loss:1144
Packet Retrans:1144
Packet Loss:1146
Packet Retrans:1146
Packet Loss:1147
Packet Retrans:1147
Packet Loss:1149
Packet Retrans:1149
Packet Loss:1150
Packet Retrans:1150
Packet Loss:1152
Packet Retrans:1152
Packet Loss:1153
Packet Retrans:1153
Packet Loss:1156
Packet Retrans:1156
Packet Loss:1157
Packet Retrans:1157
Packet Loss:1159
Packet Retrans:1159
Packet Loss:1160
Packet Retrans:1160
Packet Loss:1161
Packet Retrans:1161
Packet Loss:1162
Packet Retrans:1162
Packet Loss:1163
Packet Retrans:1163
Packet Loss:1165
Packet Retrans:1165
Packet Loss:1166
Packet Retrans:1166
Packet Loss:1169
Packet Retrans:1169
Packet Loss:1170
Packet Retrans:1170
Packet Loss:1172
Packet Retrans:1172
Packet Loss:1174
Packet Retrans:1174
Packet Loss:1175
Packet Retrans:1175
Packet Loss:1178
Packet Retrans:1178
Packet Loss:1183
Packet Retrans:1183
Packet Loss:1185
Packet Retrans:1185
Packet Loss:1187
Packet Retrans:1187
Packet Loss:1191
Packet Retrans:1191
Packet Loss:1192
Packet Retrans:1192
Packet Loss:1193
Packet Retrans:1193
Packet Loss:1194
Packet Retrans:1194
Packet Loss:1195
Packet Retrans:1195
Packet Loss:1196
Packet Retrans:1196
Packet Loss:1197
Packet Retrans:1197
Packet Loss:1198
Packet Retrans:1198
Packet Loss:1199
Packet Retrans:1199
Packet Loss:1200
Packet Retrans:1200
Packet Loss:1201
Packet Retrans:1201
Packet Loss:1202
Packet Retrans:1202
Packet Loss:1203
Packet Retrans:1203
Packet Loss:1205
Packet Retrans:1205
Packet Loss:1206
Packet Retrans:1206
Packet Loss:1207
Packet Retrans:1207
Packet Loss:1208
Packet Retrans:1208
Packet Loss:1209
Packet Retrans:1209
Packet Loss:1211
Packet Retrans:1211
Packet Loss:1212
Packet Retrans:1212
Packet Loss:1214
Packet Retrans:1214
Packet Loss:1215
Packet Retrans:1215
Packet Loss:1218
Packet Retrans:1218
Packet Loss:1220
Packet Retrans:1220
Packet Loss:1221
Packet Retrans:1221
Packet Loss:1222
Packet Retrans:1222
Packet Loss:1224
Packet Retrans:1224
Packet Loss:1227
Packet Retrans:1227
Packet Loss:1231
Packet Retrans:1231
Packet Loss:1234
Packet Retrans:1234
Packet Loss:1235
Packet Retrans:1235
Packet Loss:1237
Packet Retrans:1237
Packet Loss:1240
Packet Retrans:1240
Packet Loss:1244
Packet Retrans:1244
Packet Loss:1247
Packet Retrans:1247
Packet Loss:1248
Packet Retrans:1248
Packet Loss:1249
Packet Retrans:1249
Packet Loss:1250
Packet Retrans:1250
Packet Loss:1251
Packet Retrans:1251
Packet Loss:1252
Packet Retrans:1252
Packet Loss:1253
Packet Retrans:1253
Packet Loss:1254
Packet Retrans:1254
Packet Loss:1255
Packet Retrans:1255
Packet Loss:1257
Packet Retrans:1257
Packet Loss:1258
Packet Retrans:1258
Packet Loss:1259
Packet Retrans:1259
Packet Loss:1260
Packet Retrans:1260
Packet Loss:1261
Packet Retrans:1261
Packet Loss:1263
Packet Retrans:1263
Packet Loss:1264
Packet Retrans:1264
Packet Loss:1267
Packet Retrans:1267
Packet Loss:1268
Packet Retrans:1268
Packet Loss:1270
Packet Retrans:1270
Packet Loss:1271
Packet Retrans:1271
Packet Loss:1272
Packet Retrans:1272
Packet Loss:1273
Packet Retrans:1273
Packet Loss:1274
Packet Retrans:1274
Packet Loss:1276
Packet Retrans:1276
Packet Loss:1277
Packet Retrans:1277
Packet Loss:1280
Packet Retrans:1280
Packet Loss:1281
Packet Retrans:1281
Packet Loss:1283
Packet Retrans:1283
Packet Loss:1285
Packet Retrans:1285
Packet Loss:1286
Packet Retrans:1286
Packet Loss:1289
Packet Retrans:1289
Packet Loss:1296
Packet Retrans:1296
Packet Loss:1298
Packet Retrans:1298
Packet Loss:1300
Packet Retrans:1300
Packet Loss:1302
Packet Retrans:1302
Packet Loss:1303
Packet Retrans:1303
Packet Loss:1304
Packet Retrans:1304
Packet Loss:1305
Packet Retrans:1305
Packet Loss:1306
Packet Retrans:1306
Packet Loss:1307
Packet Retrans:1307
Packet Loss:1308
Packet Retrans:1308
Packet Loss:1309
Packet Retrans:1309
Packet Loss:1310
Packet Retrans:1310
Packet Loss:1311
Packet Retrans:1311
Packet Loss:1312
Packet Retrans:1312
Packet Loss:1313
Packet Retrans:1313
Packet Loss:1314
Packet Retrans:1314
Packet Loss:1316
Packet Retrans:1316
Packet Loss:1317
Packet Retrans:1317
Packet Loss:1319
Packet Retrans:1319
Packet Loss:1320
Packet Retrans:1320
Packet Loss:1322
Packet Retrans:1322
Packet Loss:1323
Packet Retrans:1323
Packet Loss:1325
Packet Retrans:1325
Packet Loss:1326
Packet Retrans:1326
Packet Loss:1327
Packet Retrans:1327
Packet Loss:1328
Packet Retrans:1328
Packet Loss:1329
Packet Retrans:1329
Packet Loss:1330
Packet Retrans:1330
Packet Loss:1331
Packet Retrans:1331
Packet Loss:1332
Packet Retrans:1332
Packet Loss:1333
Packet Retrans:1333
Packet Loss:1334
Packet Retrans:1334
Packet Loss:1335
Packet Retrans:1335
Packet Loss:1338
Packet Retrans:1338
Receive Retrans Packet:779
Receive Retrans Packet:781
Packet Loss:1346
Packet Retrans:1346
Receive Retrans Packet:783
Receive Retrans Packet:790
Packet Loss:1356
Packet Retrans:1356
Packet Loss:1357
Packet Retrans:1357
Receive Retrans Packet:811
Packet Loss:1360
Packet Retrans:1360
Packet Loss:1361
Packet Retrans:1361
Packet Loss:1362
Packet Retrans:1362
Packet Loss:1363
Packet Retrans:1363
Packet Loss:1364
Packet Retrans:1364
Packet Loss:1365
Packet Retrans:1365
Packet Loss:1366
Packet Retrans:1366
Packet Loss:1367
Packet Retrans:1367
Packet Loss:1368
Packet Retrans:1368
Packet Loss:1369
Packet Retrans:1369
Packet Loss:1370
Packet Retrans:1370
Packet Loss:1371
Packet Retrans:1371
Packet Loss:1372
Packet Retrans:1372
Packet Loss:1373
Packet Retrans:1373
Packet Loss:1374
Packet Retrans:1374
Receive Retrans Packet:813
Receive Retrans Packet:814
Packet Loss:1378
Packet Retrans:1378
Receive Retrans Packet:816
Receive Retrans Packet:818
Receive Retrans Packet:819
Packet Loss:1382
Packet Retrans:1382
Packet Loss:1385
Packet Retrans:1385
Packet Loss:1386
Packet Retrans:1386
Packet Loss:1387
Packet Retrans:1387
Packet Loss:1388
Packet Retrans:1388
Packet Loss:1389
Packet Retrans:1389
Packet Loss:1390
Packet Retrans:1390
Packet Loss:1391
Packet Retrans:1391
Receive Retrans Packet:831
Receive Retrans Packet:832
Receive Retrans Packet:833
Receive Retrans Packet:835
Packet Loss:1399
Packet Retrans:1399
Receive Retrans Packet:839
Packet Loss:1402
Packet Retrans:1402
Receive Retrans Packet:842
Receive Retrans Packet:844
Packet Loss:1407
Packet Retrans:1407
Packet Loss:1408
Packet Retrans:1408
Packet Loss:1409
Packet Retrans:1409
Packet Loss:1410
Packet Retrans:1410
Packet Loss:1411
Packet Retrans:1411
Packet Loss:1413
Packet Retrans:1413
Packet Loss:1416
Packet Retrans:1416
Packet Loss:1417
Packet Retrans:1417
Packet Loss:1418
Packet Retrans:1418
Packet Loss:1419
Packet Retrans:1419
Packet Loss:1420
Packet Retrans:1420
Packet Loss:1421
Packet Retrans:1421
Packet Loss:1422
Packet Retrans:1422
Packet Loss:1423
Packet Retrans:1423
Packet Loss:1424
Packet Retrans:1424
Packet Loss:1425
Packet Retrans:1425
Packet Loss:1426
Packet Retrans:1426
Packet Loss:1427
Packet Retrans:1427
Packet Loss:1428
Packet Retrans:1428
Packet Loss:1429
Packet Retrans:1429
Packet Loss:1430
Packet Retrans:1430
Receive Retrans Packet:869
Receive Retrans Packet:870
Receive Retrans Packet:872
Receive Retrans Packet:873
Receive Retrans Packet:876
Packet Loss:1436
Packet Retrans:1436
Receive Retrans Packet:878
Receive Retrans Packet:879
Packet Loss:1438
Packet Retrans:1438
Packet Loss:1439
Packet Retrans:1439
Receive Retrans Packet:888
Packet Loss:1441
Packet Retrans:1441
Packet Loss:1442
Packet Retrans:1442
Packet Loss:1443
Packet Retrans:1443
Packet Loss:1444
Packet Retrans:1444
Packet Loss:1445
Packet Retrans:1445
Packet Loss:1446
Packet Retrans:1446
Receive Retrans Packet:892
Receive Retrans Packet:894
Receive Retrans Packet:896
Packet Loss:1454
Packet Retrans:1454
Packet Loss:1455
Packet Retrans:1455
Packet Loss:1457
Packet Retrans:1457
Packet Loss:1458
Packet Retrans:1458
Packet Loss:1459
Packet Retrans:1459
Packet Loss:1460
Packet Retrans:1460
Packet Loss:1461
Packet Retrans:1461
Packet Loss:1462
Packet Retrans:1462
Packet Loss:1463
Packet Retrans:1463
Packet Loss:1464
Packet Retrans:1464
Packet Loss:1465
Packet Retrans:1465
Packet Loss:1466
Packet Retrans:1466
Packet Loss:1467
Packet Retrans:1467
Packet Loss:1474
Packet Retrans:1474
Packet Loss:1475
Packet Retrans:1475
Packet Loss:1476
Packet Retrans:1476
Packet Loss:1477
Packet Retrans:1477
Packet Loss:1478
Packet Retrans:1478
Packet Loss:1479
Packet Retrans:1479
Packet Loss:1480
Packet Retrans:1480
Packet Loss:1481
Packet Retrans:1481
Packet Loss:1482
Packet Retrans:1482
Packet Loss:1483
Packet Retrans:1483
Packet Loss:1484
Packet Retrans:1484
Receive Retrans Packet:927
Receive Retrans Packet:929
Receive Retrans Packet:930
Packet Loss:1486
Packet Retrans:1486
Receive Retrans Packet:933
Receive Retrans Packet:934
Packet Loss:1489
Packet Retrans:1489
Receive Retrans Packet:937
Packet Loss:1494
Packet Retrans:1494
Packet Loss:1496
Packet Retrans:1496
Receive Retrans Packet:940
Receive Retrans Packet:941
Receive Retrans Packet:942
Receive Retrans Packet:947
Packet Loss:1499
Packet Retrans:1499
Packet Loss:1500
Packet Retrans:1500
Packet Loss:1502
Packet Retrans:1502
Receive Retrans Packet:953
Receive Retrans Packet:956
Receive Retrans Packet:957
Packet Loss:1512
Packet Retrans:1512
Packet Loss:1513
Packet Retrans:1513
Packet Loss:1514
Packet Retrans:1514
Packet Loss:1515
Packet Retrans:1515
Packet Loss:1516
Packet Retrans:1516
Packet Loss:1517
Packet Retrans:1517
Packet Loss:1518
Packet Retrans:1518
Packet Loss:1519
Packet Retrans:1519
Packet Loss:1520
Packet Retrans:1520
Packet Loss:1521
Packet Retrans:1521
Packet Loss:1522
Packet Retrans:1522
Packet Loss:1523
Packet Retrans:1523
Packet Loss:1524
Packet Retrans:1524
Receive Retrans Packet:966
Receive Retrans Packet:967
Receive Retrans Packet:968
Receive Retrans Packet:969
Receive Retrans Packet:971
Packet Loss:1527
Packet Retrans:1527
Packet Loss:1528
Packet Retrans:1528
Packet Loss:1529
Packet Retrans:1529
Packet Loss:1530
Packet Retrans:1530
Packet Loss:1531
Packet Retrans:1531
Packet Loss:1532
Packet Retrans:1532
Packet Loss:1533
Packet Retrans:1533
Packet Loss:1534
Packet Retrans:1534
Packet Loss:1535
Packet Retrans:1535
Packet Loss:1536
Packet Retrans:1536
Packet Loss:1537
Packet Retrans:1537
Receive Retrans Packet:986
Receive Retrans Packet:987
Receive Retrans Packet:989
Receive Retrans Packet:990
Receive Retrans Packet:993
Receive Retrans Packet:994
Packet Loss:1545
Packet Retrans:1545
Receive Retrans Packet:996
Receive Retrans Packet:1005
Packet Loss:1548
Packet Retrans:1548
Packet Loss:1549
Packet Retrans:1549
Packet Loss:1550
Packet Retrans:1550
Packet Loss:1551
Packet Retrans:1551
Packet Loss:1552
Packet Retrans:1552
Packet Loss:1553
Packet Retrans:1553
Packet Loss:1554
Packet Retrans:1554
Packet Loss:1555
Packet Retrans:1555
Packet Loss:1556
Packet Retrans:1556
Receive Retrans Packet:1007
Packet Loss:1558
Packet Retrans:1558
Packet Loss:1559
Packet Retrans:1559
Receive Retrans Packet:1011
Packet Loss:1565
Packet Retrans:1565
Packet Loss:1566
Packet Retrans:1566
Packet Loss:1567
Packet Retrans:1567
Packet Loss:1568
Packet Retrans:1568
Packet Loss:1569
Packet Retrans:1569
Packet Loss:1570
Packet Retrans:1570
Packet Loss:1571
Packet Retrans:1571
Packet Loss:1572
Packet Retrans:1572
Packet Loss:1573
Packet Retrans:1573
Packet Loss:1574
Packet Retrans:1574
Packet Loss:1575
Packet Retrans:1575
Packet Loss:1576
Packet Retrans:1576
Packet Loss:1577
Packet Retrans:1577
Packet Loss:1578
Packet Retrans:1578
Packet Loss:1579
Packet Retrans:1579
Packet Loss:1580
Packet Retrans:1580
Receive Retrans Packet:1022
Receive Retrans Packet:1023
Receive Retrans Packet:1024
Receive Retrans Packet:1025
Receive Retrans Packet:1026
Receive Retrans Packet:1027
Packet Loss:1583
Packet Retrans:1583
Packet Loss:1584
Packet Retrans:1584
Packet Loss:1585
Packet Retrans:1585
Packet Loss:1586
Packet Retrans:1586
Packet Loss:1587
Packet Retrans:1587
Packet Loss:1588
Packet Retrans:1588
Packet Loss:1589
Packet Retrans:1589
Packet Loss:1590
Packet Retrans:1590
Packet Loss:1591
Packet Retrans:1591
Packet Loss:1592
Packet Retrans:1592
Receive Retrans Packet:1044
Receive Retrans Packet:1046
Receive Retrans Packet:1048
Receive Retrans Packet:1049
Packet Loss:1596
Packet Retrans:1596
Receive Retrans Packet:1051
Receive Retrans Packet:1052
Packet Loss:1598
Packet Retrans:1598
Packet Loss:1599
Packet Retrans:1599
Packet Loss:1600
Packet Retrans:1600
Receive Retrans Packet:1054
Receive Retrans Packet:1055
Packet Loss:1602
Packet Retrans:1602
Receive Retrans Packet:1058
Receive Retrans Packet:1059
Packet Loss:1605
Packet Retrans:1605
Receive Retrans Packet:1061
Packet Loss:1608
Packet Retrans:1608
Packet Loss:1609
Packet Retrans:1609
Receive Retrans Packet:1064
Receive Retrans Packet:1067
Packet Loss:1622
Packet Retrans:1622
Packet Loss:1623
Packet Retrans:1623
Packet Loss:1624
Packet Retrans:1624
Packet Loss:1625
Packet Retrans:1625
Packet Loss:1626
Packet Retrans:1626
Packet Loss:1627
Packet Retrans:1627
Packet Loss:1628
Packet Retrans:1628
Packet Loss:1629
Packet Retrans:1629
Packet Loss:1630
Packet Retrans:1630
Packet Loss:1631
Packet Retrans:1631
Packet Loss:1632
Packet Retrans:1632
Packet Loss:1633
Packet Retrans:1633
Packet Loss:1634
Packet Retrans:1634
Packet Loss:1635
Packet Retrans:1635
Packet Loss:1639
Packet Retrans:1639
Receive Retrans Packet:1078
Receive Retrans Packet:1079
Receive Retrans Packet:1081
Receive Retrans Packet:1082
Receive Retrans Packet:1083
Receive Retrans Packet:1101
Packet Loss:1642
Packet Retrans:1642
Packet Loss:1643
Packet Retrans:1643
Packet Loss:1644
Packet Retrans:1644
Receive Retrans Packet:1104
Receive Retrans Packet:1105
Receive Retrans Packet:1107
Packet Loss:1650
Packet Retrans:1650
Receive Retrans Packet:1110
Receive Retrans Packet:1113
Receive Retrans Packet:1116
Packet Loss:1662
Packet Retrans:1662
Packet Loss:1663
Packet Retrans:1663
Packet Loss:1664
Packet Retrans:1664
Receive Retrans Packet:1122
Receive Retrans Packet:1123
Packet Loss:1667
Packet Retrans:1667
Receive Retrans Packet:1139
Receive Retrans Packet:1140
Receive Retrans Packet:1141
Receive Retrans Packet:1142
Receive Retrans Packet:1143
Receive Retrans Packet:1144
Packet Loss:1670
Packet Retrans:1670
Packet Loss:1671
Packet Retrans:1671
Packet Loss:1672
Packet Retrans:1672
Packet Loss:1673
Packet Retrans:1673
Packet Loss:1674
Packet Retrans:1674
Packet Loss:1675
Packet Retrans:1675
Packet Loss:1676
Packet Retrans:1676
Packet Loss:1677
Packet Retrans:1677
Packet Loss:1678
Packet Retrans:1678
Packet Loss:1679
Packet Retrans:1679
Packet Loss:1680
Packet Retrans:1680
Packet Loss:1681
Packet Retrans:1681
Packet Loss:1682
Packet Retrans:1682
Packet Loss:1683
Packet Retrans:1683
Packet Loss:1684
Packet Retrans:1684
Packet Loss:1685
Packet Retrans:1685
Receive Retrans Packet:1146
Receive Retrans Packet:1147
Packet Loss:1689
Packet Retrans:1689
Packet Loss:1691
Packet Retrans:1691
Packet Loss:1692
Packet Retrans:1692
Packet Loss:1693
Packet Retrans:1693
Packet Loss:1694
Packet Retrans:1694
Packet Loss:1695
Packet Retrans:1695
Packet Loss:1696
Packet Retrans:1696
Packet Loss:1697
Packet Retrans:1697
Packet Loss:1698
Packet Retrans:1698
Packet Loss:1699
Packet Retrans:1699
Packet Loss:1700
Packet Retrans:1700
Packet Loss:1701
Packet Retrans:1701
Receive Retrans Packet:1159
Receive Retrans Packet:1160
Receive Retrans Packet:1161
Receive Retrans Packet:1162
Receive Retrans Packet:1163
Receive Retrans Packet:1165
Receive Retrans Packet:1166
Packet Loss:1708
Packet Retrans:1708
Receive Retrans Packet:1169
Receive Retrans Packet:1170
Receive Retrans Packet:1172
Receive Retrans Packet:1174
Receive Retrans Packet:1175
Packet Loss:1712
Packet Retrans:1712
Packet Loss:1713
Packet Retrans:1713
Packet Loss:1716
Packet Retrans:1716
Packet Loss:1717
Packet Retrans:1717
Packet Loss:1718
Packet Retrans:1718
Packet Loss:1719
Packet Retrans:1719
Receive Retrans Packet:1196
Receive Retrans Packet:1197
Receive Retrans Packet:1198
Receive Retrans Packet:1199
Receive Retrans Packet:1200
Receive Retrans Packet:1201
Receive Retrans Packet:1202
Receive Retrans Packet:1203
Packet Loss:1722
Packet Retrans:1722
Packet Loss:1723
Packet Retrans:1723
Packet Loss:1724
Packet Retrans:1724
Packet Loss:1725
Packet Retrans:1725
Packet Loss:1726
Packet Retrans:1726
Packet Loss:1727
Packet Retrans:1727
Packet Loss:1728
Packet Retrans:1728
Packet Loss:1729
Packet Retrans:1729
Packet Loss:1730
Packet Retrans:1730
Packet Loss:1731
Packet Retrans:1731
Packet Loss:1732
Packet Retrans:1732
Packet Loss:1733
Packet Retrans:1733
Packet Loss:1734
Packet Retrans:1734
Packet Loss:1735
Packet Retrans:1735
Packet Loss:1736
Packet Retrans:1736
Packet Loss:1737
Packet Retrans:1737
Packet Loss:1738
Packet Retrans:1738
Packet Loss:1739
Packet Retrans:1739
Packet Loss:1740
Packet Retrans:1740
Receive Retrans Packet:1218
Packet Loss:1742
Packet Retrans:1742
Packet Loss:1743
Packet Retrans:1743
Packet Loss:1744
Packet Retrans:1744
Packet Loss:1745
Packet Retrans:1745
Packet Loss:1746
Packet Retrans:1746
Packet Loss:1747
Packet Retrans:1747
Packet Loss:1748
Packet Retrans:1748
Packet Loss:1749
Packet Retrans:1749
Packet Loss:1750
Packet Retrans:1750
Packet Loss:1751
Packet Retrans:1751
Packet Loss:1752
Packet Retrans:1752
Packet Loss:1753
Packet Retrans:1753
Receive Retrans Packet:1220
Receive Retrans Packet:1221
Receive Retrans Packet:1222
Receive Retrans Packet:1224
Packet Loss:1761
Packet Retrans:1761
Receive Retrans Packet:1227
Packet Loss:1763
Packet Retrans:1763
Receive Retrans Packet:1231
Packet Loss:1766
Packet Retrans:1766
Packet Loss:1769
Packet Retrans:1769
Packet Loss:1770
Packet Retrans:1770
Packet Loss:1771
Packet Retrans:1771
Packet Loss:1772
Packet Retrans:1772
Packet Loss:1773
Packet Retrans:1773
Packet Loss:1777
Packet Retrans:1777
Receive Retrans Packet:1244
Packet Loss:1781
Packet Retrans:1781
Packet Loss:1783
Packet Retrans:1783
Packet Loss:1785
Packet Retrans:1785
Packet Loss:1786
Packet Retrans:1786
Packet Loss:1787
Packet Retrans:1787
Packet Loss:1788
Packet Retrans:1788
Packet Loss:1789
Packet Retrans:1789
Packet Loss:1790
Packet Retrans:1790
Packet Loss:1791
Packet Retrans:1791
Packet Loss:1792
Packet Retrans:1792
Receive Retrans Packet:1257
Receive Retrans Packet:1258
Receive Retrans Packet:1259
Receive Retrans Packet:1260
Receive Retrans Packet:1261
Receive Retrans Packet:1263
Receive Retrans Packet:1264
Receive Retrans Packet:1268
Packet Loss:1802
Packet Retrans:1802
Receive Retrans Packet:1277
Packet Loss:1805
Packet Retrans:1805
Packet Loss:1806
Packet Retrans:1806
Packet Loss:1807
Packet Retrans:1807
Packet Loss:1808
Packet Retrans:1808
Packet Loss:1809
Packet Retrans:1809
Packet Loss:1812
Packet Retrans:1812
Receive Retrans Packet:1280
Receive Retrans Packet:1281
Receive Retrans Packet:1283
Receive Retrans Packet:1285
Packet Loss:1818
Packet Retrans:1818
Packet Loss:1819
Packet Retrans:1819
Packet Loss:1820
Packet Retrans:1820
Packet Loss:1821
Packet Retrans:1821
Packet Loss:1822
Packet Retrans:1822
Packet Loss:1823
Packet Retrans:1823
Packet Loss:1824
Packet Retrans:1824
Packet Loss:1825
Packet Retrans:1825
Packet Loss:1826
Packet Retrans:1826
Packet Loss:1827
Packet Retrans:1827
Packet Loss:1828
Packet Retrans:1828
Packet Loss:1829
Packet Retrans:1829
Packet Loss:1830
Packet Retrans:1830
Receive Retrans Packet:1298
Receive Retrans Packet:1300
Packet Loss:1840
Packet Retrans:1840
Packet Loss:1841
Packet Retrans:1841
Packet Loss:1842
Packet Retrans:1842
Packet Loss:1843
Packet Retrans:1843
Packet Loss:1844
Packet Retrans:1844
Packet Loss:1845
Packet Retrans:1845
Receive Retrans Packet:1316
Receive Retrans Packet:1317
Receive Retrans Packet:1319
Receive Retrans Packet:1320
Receive Retrans Packet:1322
Receive Retrans Packet:1323
Packet Loss:1861
Packet Retrans:1861
Packet Loss:1862
Packet Retrans:1862
Packet Loss:1863
Packet Retrans:1863
Packet Loss:1865
Packet Retrans:1865
Packet Loss:1866
Packet Retrans:1866
Packet Loss:1867
Packet Retrans:1867
Packet Loss:1868
Packet Retrans:1868
Packet Loss:1869
Packet Retrans:1869
Packet Loss:1871
Packet Retrans:1871
Packet Loss:1872
Packet Retrans:1872
Packet Loss:1873
Packet Retrans:1873
Packet Loss:1874
Packet Retrans:1874
Packet Loss:1875
Packet Retrans:1875
Packet Loss:1876
Packet Retrans:1876
Packet Loss:1877
Packet Retrans:1877
Packet Loss:1878
Packet Retrans:1878
Packet Loss:1879
Packet Retrans:1879
Packet Loss:1880
Packet Retrans:1880
Packet Loss:1881
Packet Retrans:1881
Packet Loss:1882
Packet Retrans:1882
Packet Loss:1883
Packet Retrans:1883
Packet Loss:1884
Packet Retrans:1884
Packet Loss:1885
Packet Retrans:1885
Packet Loss:1886
Packet Retrans:1886
Packet Loss:1890
Packet Retrans:1890
Packet Loss:1893
Packet Retrans:1893
Receive Retrans Packet:1356
Receive Retrans Packet:1357
Packet Loss:1904
Packet Retrans:1904
Packet Loss:1909
Packet Retrans:1909
Packet Loss:1910
Packet Retrans:1910
Packet Loss:1911
Packet Retrans:1911
Packet Loss:1912
Packet Retrans:1912
Packet Loss:1913
Packet Retrans:1913
Packet Loss:1914
Packet Retrans:1914
Receive Retrans Packet:1360
Receive Retrans Packet:1361
Receive Retrans Packet:1362
Receive Retrans Packet:1363
Receive Retrans Packet:1364
Receive Retrans Packet:1365
Receive Retrans Packet:1366
Receive Retrans Packet:1368
Packet Loss:1926
Packet Retrans:1926
Packet Loss:1927
Packet Retrans:1927
Packet Loss:1928
Packet Retrans:1928
Packet Loss:1929
Packet Retrans:1929
Packet Loss:1930
Packet Retrans:1930
Receive Retrans Packet:1378
Packet Loss:1934
Packet Retrans:1934
Packet Loss:1936
Packet Retrans:1936
Packet Loss:1942
Packet Retrans:1942
Packet Loss:1943
Packet Retrans:1943
Packet Loss:1944
Packet Retrans:1944
Packet Loss:1945
Packet Retrans:1945
Packet Loss:1946
Packet Retrans:1946
Packet Loss:1947
Packet Retrans:1947
Packet Loss:1948
Packet Retrans:1948
Packet Loss:1949
Packet Retrans:1949
Packet Loss:1950
Packet Retrans:1950
Packet Loss:1952
Packet Retrans:1952
Packet Loss:1953
Packet Retrans:1953
Receive Retrans Packet:1399
Packet Loss:1971
Packet Retrans:1971
Packet Loss:1972
Packet Retrans:1972
Packet Loss:1975
Packet Retrans:1975
Packet Loss:1976
Packet Retrans:1976
Packet Loss:1978
Packet Retrans:1978
Receive Retrans Packet:1418
Receive Retrans Packet:1419
Receive Retrans Packet:1420
Receive Retrans Packet:1421
Receive Retrans Packet:1422
Receive Retrans Packet:1423
Receive Retrans Packet:1424
Receive Retrans Packet:1427
Receive Retrans Packet:1428
Receive Retrans Packet:1429
Packet Loss:1980
Packet Retrans:1980
Packet Loss:1981
Packet Retrans:1981
Packet Loss:1982
Packet Retrans:1982
Packet Loss:1983
Packet Retrans:1983
Packet Loss:1984
Packet Retrans:1984
Packet Loss:1985
Packet Retrans:1985
Packet Loss:1986
Packet Retrans:1986
Packet Loss:1987
Packet Retrans:1987
Packet Loss:1988
Packet Retrans:1988
Packet Loss:1989
Packet Retrans:1989
Packet Loss:1990
Packet Retrans:1990
Packet Loss:1991
Packet Retrans:1991
Packet Loss:1992
Packet Retrans:1992
Packet Loss:1993
Packet Retrans:1993
Packet Loss:1994
Packet Retrans:1994
Packet Loss:1995
Packet Retrans:1995
Packet Loss:1996
Packet Retrans:1996
Packet Loss:1997
Packet Retrans:1997
Packet Loss:1998
Packet Retrans:1998
Packet Loss:1999
Packet Retrans:1999
Packet Loss:2000
Packet Retrans:2000
Packet Loss:2001
Packet Retrans:2001
Packet Loss:2002
Packet Retrans:2002
Packet Loss:2005
Packet Retrans:2005
Packet Loss:2009
Packet Retrans:2009
Packet Loss:2010
Packet Retrans:2010
Packet Loss:2011
Packet Retrans:2011
Packet Loss:2012
Packet Retrans:2012
Packet Loss:2013
Packet Retrans:2013
Packet Loss:2014
Packet Retrans:2014
Packet Loss:2015
Packet Retrans:2015
Packet Loss:2016
Packet Retrans:2016
Packet Loss:2017
Packet Retrans:2017
Packet Loss:2018
Packet Retrans:2018
Receive Retrans Packet:1438
Receive Retrans Packet:1439
Packet Loss:2020
Packet Retrans:2020
Packet Loss:2021
Packet Retrans:2021
Packet Loss:2022
Packet Retrans:2022
Packet Loss:2023
Packet Retrans:2023
Packet Loss:2024
Packet Retrans:2024
Packet Loss:2025
Packet Retrans:2025
Packet Loss:2026
Packet Retrans:2026
Packet Loss:2027
Packet Retrans:2027
Packet Loss:2028
Packet Retrans:2028
Packet Loss:2029
Packet Retrans:2029
Packet Loss:2030
Packet Retrans:2030
Packet Loss:2031
Packet Retrans:2031
Packet Loss:2032
Packet Retrans:2032
Packet Loss:2033
Packet Retrans:2033
Packet Loss:2034
Packet Retrans:2034
Packet Loss:2035
Packet Retrans:2035
Packet Loss:2036
Packet Retrans:2036
Packet Loss:2037
Packet Retrans:2037
Packet Loss:2038
Packet Retrans:2038
Packet Loss:2039
Packet Retrans:2039
Receive Retrans Packet:1454
Packet Loss:2042
Packet Retrans:2042
Packet Loss:2043
Packet Retrans:2043
Packet Loss:2052
Packet Retrans:2052
Packet Loss:2053
Packet Retrans:2053
Packet Loss:2054
Packet Retrans:2054
Packet Loss:2055
Packet Retrans:2055
Packet Loss:2056
Packet Retrans:2056
Packet Loss:2058
Packet Retrans:2058
Packet Loss:2061
Packet Retrans:2061
Packet Loss:2066
Packet Retrans:2066
Packet Loss:2068
Packet Retrans:2068
Packet Loss:2069
Packet Retrans:2069
Packet Loss:2072
Packet Retrans:2072
Packet Loss:2073
Packet Retrans:2073
Receive Retrans Packet:1482
Receive Retrans Packet:1483
Receive Retrans Packet:1484
Packet Loss:2075
Packet Retrans:2075
Packet Loss:2076
Packet Retrans:2076
Packet Loss:2077
Packet Retrans:2077
Packet Loss:2078
Packet Retrans:2078
Packet Loss:2079
Packet Retrans:2079
Packet Loss:2080
Packet Retrans:2080
Packet Loss:2082
Packet Retrans:2082
Q1)Packet Drop Ratio:55.3448%
Q2)Packet Retransmit Success Ratio:22.0812%
